<?xml version="1.0" encoding="UTF-8"?>
<!-- Generated by org.testng.reporters.JUnitReportReporter -->
<testsuite hostname="PREETISH" name="com.Project.preetish.Apptest" tests="2" failures="0" timestamp="24 Oct 2016 12:55:01 GMT" time="38.756" errors="0">
  <testcase name="AdminLogin" time="3.676" classname="com.Project.preetish.Apptest"/>
  <testcase name="Content_Test" time="35.080" classname="com.Project.preetish.Apptest"/>
</testsuite> <!-- com.Project.preetish.Apptest -->
